<?xml version="1.0" encoding="UTF-8"?>
<testsuite name="com.eci.cosw.springbootsecureapi.SpringBootSecureApiApplicationTests" tests="1" skipped="0" failures="0" errors="0" timestamp="2021-04-27T15:31:17" hostname="JUAN" time="0.202">
  <properties/>
  <testcase name="contextLoads" classname="com.eci.cosw.springbootsecureapi.SpringBootSecureApiApplicationTests" time="0.202"/>
  <system-out><![CDATA[10:31:15.034 [Test worker] DEBUG org.springframework.test.context.junit4.SpringJUnit4ClassRunner - SpringJUnit4ClassRunner constructor called with [class com.eci.cosw.springbootsecureapi.SpringBootSecureApiApplicationTests]
10:31:15.040 [Test worker] DEBUG org.springframework.test.context.BootstrapUtils - Instantiating CacheAwareContextLoaderDelegate from class [org.springframework.test.context.cache.DefaultCacheAwareContextLoaderDelegate]
10:31:15.048 [Test worker] DEBUG org.springframework.test.context.BootstrapUtils - Instantiating BootstrapContext using constructor [public org.springframework.test.context.support.DefaultBootstrapContext(java.lang.Class,org.springframework.test.context.CacheAwareContextLoaderDelegate)]
10:31:15.062 [Test worker] DEBUG org.springframework.test.context.BootstrapUtils - Instantiating TestContextBootstrapper for test class [com.eci.cosw.springbootsecureapi.SpringBootSecureApiApplicationTests] from class [org.springframework.boot.test.context.SpringBootTestContextBootstrapper]
10:31:15.073 [Test worker] INFO org.springframework.boot.test.context.SpringBootTestContextBootstrapper - Neither @ContextConfiguration nor @ContextHierarchy found for test class [com.eci.cosw.springbootsecureapi.SpringBootSecureApiApplicationTests], using SpringBootContextLoader
10:31:15.076 [Test worker] DEBUG org.springframework.test.context.support.AbstractContextLoader - Did not detect default resource location for test class [com.eci.cosw.springbootsecureapi.SpringBootSecureApiApplicationTests]: class path resource [com/eci/cosw/springbootsecureapi/SpringBootSecureApiApplicationTests-context.xml] does not exist
10:31:15.076 [Test worker] DEBUG org.springframework.test.context.support.AbstractContextLoader - Did not detect default resource location for test class [com.eci.cosw.springbootsecureapi.SpringBootSecureApiApplicationTests]: class path resource [com/eci/cosw/springbootsecureapi/SpringBootSecureApiApplicationTestsContext.groovy] does not exist
10:31:15.076 [Test worker] INFO org.springframework.test.context.support.AbstractContextLoader - Could not detect default resource locations for test class [com.eci.cosw.springbootsecureapi.SpringBootSecureApiApplicationTests]: no resource found for suffixes {-context.xml, Context.groovy}.
10:31:15.077 [Test worker] INFO org.springframework.test.context.support.AnnotationConfigContextLoaderUtils - Could not detect default configuration classes for test class [com.eci.cosw.springbootsecureapi.SpringBootSecureApiApplicationTests]: SpringBootSecureApiApplicationTests does not declare any static, non-private, non-final, nested classes annotated with @Configuration.
10:31:15.114 [Test worker] DEBUG org.springframework.test.context.support.ActiveProfilesUtils - Could not find an 'annotation declaring class' for annotation type [org.springframework.test.context.ActiveProfiles] and class [com.eci.cosw.springbootsecureapi.SpringBootSecureApiApplicationTests]
10:31:15.174 [Test worker] DEBUG org.springframework.context.annotation.ClassPathScanningCandidateComponentProvider - Identified candidate component class: file [C:\Users\Acer\Downloads\IETI\IETI-LAB12\secure-api-spring-boot\build\classes\java\main\com\eci\cosw\springbootsecureapi\SpringBootSecureApiApplication.class]
10:31:15.176 [Test worker] INFO org.springframework.boot.test.context.SpringBootTestContextBootstrapper - Found @SpringBootConfiguration com.eci.cosw.springbootsecureapi.SpringBootSecureApiApplication for test class com.eci.cosw.springbootsecureapi.SpringBootSecureApiApplicationTests
10:31:15.316 [Test worker] DEBUG org.springframework.boot.test.context.SpringBootTestContextBootstrapper - @TestExecutionListeners is not present for class [com.eci.cosw.springbootsecureapi.SpringBootSecureApiApplicationTests]: using defaults.
10:31:15.316 [Test worker] INFO org.springframework.boot.test.context.SpringBootTestContextBootstrapper - Loaded default TestExecutionListener class names from location [META-INF/spring.factories]: [org.springframework.boot.test.autoconfigure.restdocs.RestDocsTestExecutionListener, org.springframework.boot.test.autoconfigure.web.client.MockRestServiceServerResetTestExecutionListener, org.springframework.boot.test.autoconfigure.web.servlet.MockMvcPrintOnlyOnFailureTestExecutionListener, org.springframework.boot.test.autoconfigure.web.servlet.WebDriverTestExecutionListener, org.springframework.boot.test.mock.mockito.MockitoTestExecutionListener, org.springframework.boot.test.mock.mockito.ResetMocksTestExecutionListener, org.springframework.test.context.web.ServletTestExecutionListener, org.springframework.test.context.support.DirtiesContextBeforeModesTestExecutionListener, org.springframework.test.context.support.DependencyInjectionTestExecutionListener, org.springframework.test.context.support.DirtiesContextTestExecutionListener, org.springframework.test.context.transaction.TransactionalTestExecutionListener, org.springframework.test.context.jdbc.SqlScriptsTestExecutionListener]
10:31:15.326 [Test worker] DEBUG org.springframework.boot.test.context.SpringBootTestContextBootstrapper - Skipping candidate TestExecutionListener [org.springframework.test.context.transaction.TransactionalTestExecutionListener] due to a missing dependency. Specify custom listener classes or make the default listener classes and their required dependencies available. Offending class: [org/springframework/transaction/interceptor/TransactionAttributeSource]
10:31:15.327 [Test worker] DEBUG org.springframework.boot.test.context.SpringBootTestContextBootstrapper - Skipping candidate TestExecutionListener [org.springframework.test.context.jdbc.SqlScriptsTestExecutionListener] due to a missing dependency. Specify custom listener classes or make the default listener classes and their required dependencies available. Offending class: [org/springframework/transaction/interceptor/TransactionAttribute]
10:31:15.327 [Test worker] INFO org.springframework.boot.test.context.SpringBootTestContextBootstrapper - Using TestExecutionListeners: [org.springframework.test.context.web.ServletTestExecutionListener@52981c42, org.springframework.test.context.support.DirtiesContextBeforeModesTestExecutionListener@4c8fe16e, org.springframework.boot.test.mock.mockito.MockitoTestExecutionListener@5e712f39, org.springframework.boot.test.autoconfigure.SpringBootDependencyInjectionTestExecutionListener@533536db, org.springframework.test.context.support.DirtiesContextTestExecutionListener@415d5af3, org.springframework.boot.test.autoconfigure.restdocs.RestDocsTestExecutionListener@72ea5727, org.springframework.boot.test.autoconfigure.web.client.MockRestServiceServerResetTestExecutionListener@2535a6a4, org.springframework.boot.test.autoconfigure.web.servlet.MockMvcPrintOnlyOnFailureTestExecutionListener@5fcccf37, org.springframework.boot.test.autoconfigure.web.servlet.WebDriverTestExecutionListener@746d8cff, org.springframework.boot.test.mock.mockito.ResetMocksTestExecutionListener@549ebe3a]
10:31:15.330 [Test worker] DEBUG org.springframework.test.annotation.ProfileValueUtils - Retrieved @ProfileValueSourceConfiguration [null] for test class [com.eci.cosw.springbootsecureapi.SpringBootSecureApiApplicationTests]
10:31:15.331 [Test worker] DEBUG org.springframework.test.annotation.ProfileValueUtils - Retrieved ProfileValueSource type [class org.springframework.test.annotation.SystemProfileValueSource] for class [com.eci.cosw.springbootsecureapi.SpringBootSecureApiApplicationTests]
10:31:15.332 [Test worker] DEBUG org.springframework.test.annotation.ProfileValueUtils - Retrieved @ProfileValueSourceConfiguration [null] for test class [com.eci.cosw.springbootsecureapi.SpringBootSecureApiApplicationTests]
10:31:15.332 [Test worker] DEBUG org.springframework.test.annotation.ProfileValueUtils - Retrieved ProfileValueSource type [class org.springframework.test.annotation.SystemProfileValueSource] for class [com.eci.cosw.springbootsecureapi.SpringBootSecureApiApplicationTests]
10:31:15.336 [Test worker] DEBUG org.springframework.test.context.support.AbstractDirtiesContextTestExecutionListener - Before test class: context [DefaultTestContext@4dc883a9 testClass = SpringBootSecureApiApplicationTests, testInstance = [null], testMethod = [null], testException = [null], mergedContextConfiguration = [WebMergedContextConfiguration@36f147d testClass = SpringBootSecureApiApplicationTests, locations = '{}', classes = '{class com.eci.cosw.springbootsecureapi.SpringBootSecureApiApplication}', contextInitializerClasses = '[]', activeProfiles = '{}', propertySourceLocations = '{}', propertySourceProperties = '{org.springframework.boot.test.context.SpringBootTestContextBootstrapper=true}', contextCustomizers = set[org.springframework.boot.test.autoconfigure.properties.PropertyMappingContextCustomizer@0, org.springframework.boot.test.autoconfigure.web.servlet.WebDriverContextCustomizerFactory$Customizer@13ca05b7, org.springframework.boot.test.context.filter.ExcludeFilterContextCustomizer@54b68211, org.springframework.boot.test.json.DuplicateJsonObjectContextCustomizerFactory$DuplicateJsonObjectContextCustomizer@3a13dfe0, org.springframework.boot.test.mock.mockito.MockitoContextCustomizer@0, org.springframework.boot.test.web.client.TestRestTemplateContextCustomizer@793d9c8d], resourceBasePath = 'src/main/webapp', contextLoader = 'org.springframework.boot.test.context.SpringBootContextLoader', parent = [null]], attributes = map['org.springframework.test.context.web.ServletTestExecutionListener.activateListener' -> true]], class annotated with @DirtiesContext [false] with mode [null].
10:31:15.337 [Test worker] DEBUG org.springframework.test.annotation.ProfileValueUtils - Retrieved @ProfileValueSourceConfiguration [null] for test class [com.eci.cosw.springbootsecureapi.SpringBootSecureApiApplicationTests]
10:31:15.337 [Test worker] DEBUG org.springframework.test.annotation.ProfileValueUtils - Retrieved ProfileValueSource type [class org.springframework.test.annotation.SystemProfileValueSource] for class [com.eci.cosw.springbootsecureapi.SpringBootSecureApiApplicationTests]
10:31:15.354 [Test worker] DEBUG org.springframework.test.context.support.TestPropertySourceUtils - Adding inlined properties to environment: {spring.jmx.enabled=false, org.springframework.boot.test.context.SpringBootTestContextBootstrapper=true, server.port=-1}

  .   ____          _            __ _ _
 /\\ / ___'_ __ _ _(_)_ __  __ _ \ \ \ \
( ( )\___ | '_ | '_| | '_ \/ _` | \ \ \ \
 \\/  ___)| |_)| | | | | || (_| |  ) ) ) )
  '  |____| .__|_| |_|_| |_\__, | / / / /
 =========|_|==============|___/=/_/_/_/
 :: Spring Boot ::        (v2.1.4.RELEASE)

2021-04-27 10:31:15.607  INFO 892 --- [    Test worker] .c.s.SpringBootSecureApiApplicationTests : Starting SpringBootSecureApiApplicationTests on Juan with PID 892 (started by Acer in C:\Users\Acer\Downloads\IETI\IETI-LAB12\secure-api-spring-boot)
2021-04-27 10:31:15.608  INFO 892 --- [    Test worker] .c.s.SpringBootSecureApiApplicationTests : No active profile set, falling back to default profiles: default
2021-04-27 10:31:16.991  INFO 892 --- [    Test worker] o.s.s.concurrent.ThreadPoolTaskExecutor  : Initializing ExecutorService 'applicationTaskExecutor'
2021-04-27 10:31:17.266  INFO 892 --- [    Test worker] .c.s.SpringBootSecureApiApplicationTests : Started SpringBootSecureApiApplicationTests in 1.904 seconds (JVM running for 3.081)
]]></system-out>
  <system-err><![CDATA[]]></system-err>
</testsuite>
